<?xml version="1.0" encoding="UTF-8"?>
<!-- Generated by org.testng.reporters.JUnitXMLReporter -->
<testsuite hostname="LAPTOP-SUMUISF3" ignored="0" name="Login to Hotel Page" tests="15" failures="0" timestamp="13 Jul 2020 02:38:18 GMT" time="0.181" errors="0">
  <testcase name="dashboard" time="0.029" classname="tests.TestNGConcepts"/>
  <testcase name="signIn" time="0.005" classname="tests.TestNGConcepts"/>
  <testcase name="checkTitle" time="0.004" classname="tests.TestNGConcepts"/>
  <testcase name="checkTitle" time="0.002" classname="tests.TestNGConcepts"/>
  <testcase name="checkTitle" time="0.003" classname="tests.TestNGConcepts"/>
  <testcase name="checkTitle" time="0.002" classname="tests.TestNGConcepts"/>
  <testcase name="checkTitle" time="0.003" classname="tests.TestNGConcepts"/>
  <testcase name="checkTitle" time="0.003" classname="tests.TestNGConcepts"/>
  <testcase name="checkTitle" time="0.002" classname="tests.TestNGConcepts"/>
  <testcase name="checkTitle" time="0.002" classname="tests.TestNGConcepts"/>
  <testcase name="checkTitle" time="0.002" classname="tests.TestNGConcepts"/>
  <testcase name="checkTitle" time="0.002" classname="tests.TestNGConcepts"/>
  <testcase name="customerPage" time="0.002" classname="tests.TestNGConcepts"/>
  <testcase name="logout" time="0.003" classname="tests.TestNGConcepts"/>
  <testcase name="homePage" time="0.001" classname="tests.TestNGConcepts"/>
</testsuite> <!-- Login to Hotel Page -->
