<?xml version="1.0" encoding="UTF-8"?>
<!-- Generated by org.testng.reporters.JUnitXMLReporter -->
<testsuite hostname="LAPTOP-SUMUISF3" ignored="4" name="Default test(failed)" tests="2" failures="0" timestamp="08 Jul 2020 00:42:10 GMT" time="0.074" errors="0">
  <testcase name="signIn" time="0.013" classname="tests.TestNgConcepts"/>
  <testcase name="homepage" time="0.002" classname="tests.TestNgConcepts"/>
  <testcase name="checkTitle" time="0.0" classname="tests.TestNgConcepts">
    <ignored/>
  </testcase> <!-- checkTitle -->
  <testcase name="logout" time="0.0" classname="tests.TestNgConcepts">
    <ignored/>
  </testcase> <!-- logout -->
  <testcase name="dashboard" time="0.0" classname="tests.TestNgConcepts">
    <ignored/>
  </testcase> <!-- dashboard -->
  <testcase name="customerPage" time="0.0" classname="tests.TestNgConcepts">
    <ignored/>
  </testcase> <!-- customerPage -->
</testsuite> <!-- Default test(failed) -->
